[      57ms] [ERROR] ./src/components/content-hub.tsx:241:11
Parsing ecmascript source code failed
  239 |             ))}
  240 |           </div>
> 241 |           {hasMore && (
      |           ^
  242 |             <div className="pt-6 pb-4 text-center">
  243 |               <button
  244 |                 onClick={() => setVisibleCount((c) => c + 30)}

Expected '</', got '{'

Import trace:
  Server Component:
    ./src/components/content-hub.tsx
    ./src/app/page.tsx @ http://localhost:3000/_next/static/chunks/e3fa3_next_dist_d86ab2ab._.js:3127
[     356ms] [ERROR] ./src/components/content-hub.tsx:241:11
Parsing ecmascript source code failed
  239 |             ))}
  240 |           </div>
> 241 |           {hasMore && (
      |           ^
  242 |             <div className="pt-6 pb-4 text-center">
  243 |               <button
  244 |                 onClick={() => setVisibleCount((c) => c + 30)}

Expected '</', got '{'

Import trace:
  Server Component:
    ./src/components/content-hub.tsx
    ./src/app/page.tsx @ http://localhost:3000/_next/static/chunks/e3fa3_next_dist_d86ab2ab._.js:3127
[     362ms] [ERROR] Failed to load resource: the server responded with a status of 500 (Internal Server Error) @ http://localhost:3000/:0
[     455ms] Error: ./src/components/content-hub.tsx:241:11
Parsing ecmascript source code failed
  239 |             ))}
  240 |           </div>
> 241 |           {hasMore && (
      |           ^
  242 |             <div className="pt-6 pb-4 text-center">
  243 |               <button
  244 |                 onClick={() => setVisibleCount((c) => c + 30)}

Expected '</', got '{'

Import trace:
  Server Component:
    ./src/components/content-hub.tsx
    ./src/app/page.tsx


    at <unknown> (Error: ./src/components/content-hub.tsx:241:11)
    at Object.getCompilationErrors (file:///Users/taylerramsay/Projects/vercel-mindpattern/node_modules/.pnpm/next@16.1.6_@babel+core@7.29.0_@opentelemetry+api@1.9.0_react-dom@19.2.3_react@19.2.3__react@19.2.3/node_modules/next/dist/server/dev/hot-reloader-turbopack.js:1008:59)
    at DevBundlerService.getCompilationError (file:///Users/taylerramsay/Projects/vercel-mindpattern/node_modules/.pnpm/next@16.1.6_@babel+core@7.29.0_@opentelemetry+api@1.9.0_react-dom@19.2.3_react@19.2.3__react@19.2.3/node_modules/next/dist/server/lib/dev-bundler-service.js:44:55)
    at DevServer.getCompilationError (file:///Users/taylerramsay/Projects/vercel-mindpattern/node_modules/.pnpm/next@16.1.6_@babel+core@7.29.0_@opentelemetry+api@1.9.0_react-dom@19.2.3_react@19.2.3__react@19.2.3/node_modules/next/dist/server/dev/next-dev-server.js:706:42)
    at DevServer.findPageComponents (file:///Users/taylerramsay/Projects/vercel-mindpattern/node_modules/.pnpm/next@16.1.6_@babel+core@7.29.0_@opentelemetry+api@1.9.0_react-dom@19.2.3_react@19.2.3__react@19.2.3/node_modules/next/dist/server/dev/next-dev-server.js:676:43)
    at async DevServer.renderErrorToResponseImpl (file:///Users/taylerramsay/Projects/vercel-mindpattern/node_modules/.pnpm/next@16.1.6_@babel+core@7.29.0_@opentelemetry+api@1.9.0_react-dom@19.2.3_react@19.2.3__react@19.2.3/node_modules/next/dist/server/base-server.js:1733:26)
[     456ms] [ERROR] ./src/components/content-hub.tsx:241:11
Parsing ecmascript source code failed
  239 |             ))}
  240 |           </div>
> 241 |           {hasMore && (
      |           ^
  242 |             <div className="pt-6 pb-4 text-center">
  243 |               <button
  244 |                 onClick={() => setVisibleCount((c) => c + 30)}

Expected '</', got '{'

Import trace:
  Server Component:
    ./src/components/content-hub.tsx
    ./src/app/page.tsx @ http://localhost:3000/_next/static/chunks/e3fa3_next_dist_d233bfc8._.js:1920
[     504ms] [ERROR] ./src/components/content-hub.tsx:241:11
Parsing ecmascript source code failed
  239 |             ))}
  240 |           </div>
> 241 |           {hasMore && (
      |           ^
  242 |             <div className="pt-6 pb-4 text-center">
  243 |               <button
  244 |                 onClick={() => setVisibleCount((c) => c + 30)}

Expected '</', got '{'

Import trace:
  Server Component:
    ./src/components/content-hub.tsx
    ./src/app/page.tsx @ http://localhost:3000/_next/static/chunks/e3fa3_next_dist_d233bfc8._.js:1920
[   21924ms] [WARNING] [Fast Refresh] performing full reload because your application had an unrecoverable error @ http://localhost:3000/_next/static/chunks/e3fa3_next_dist_d233bfc8._.js:1206
[   22300ms] [ERROR] Failed to load resource: the server responded with a status of 404 (Not Found) @ http://localhost:3000/logo.png:0
